{"obj": {"type": "AssignString", "path": ["sys", "description"], "value": ""}, "version": 1, "at": 1723537162.8949275}
{"obj": {"type": "AssignString", "path": ["monitoring", "fd7e8408", "hostname"], "value": "god-X470-AORUS-ULTRA-GAMING"}, "version": 2, "at": 1723537162.895152}
{"obj": {"type": "AssignString", "path": ["sys", "hostname"], "value": "god-X470-AORUS-ULTRA-GAMING"}, "version": 3, "at": 1723537162.8952577}
{"obj": {"type": "AssignString", "path": ["monitoring", "fd7e8408", "pid"], "value": "7515"}, "version": 4, "at": 1723537162.8953564}
{"obj": {"type": "AssignString", "path": ["monitoring", "fd7e8408", "tid"], "value": "140529986532416"}, "version": 5, "at": 1723537162.8954635}
{"obj": {"type": "AddStrings", "path": ["sys", "tags"], "values": ["Training"]}, "version": 6, "at": 1723537162.895781}
{"obj": {"type": "AssignBool", "path": ["sys", "failed"], "value": false}, "version": 7, "at": 1723537162.895883}
{"obj": {"type": "ClearStringLog", "path": ["monitoring", "fd7e8408", "stdout"]}, "version": 8, "at": 1723537162.8960059}
{"obj": {"type": "ClearStringLog", "path": ["monitoring", "fd7e8408", "stderr"]}, "version": 9, "at": 1723537162.8960726}
{"obj": {"type": "AssignString", "path": ["source_code", "entrypoint"], "value": "main.py"}, "version": 10, "at": 1723537162.8963165}
{"obj": {"type": "UploadFileSet", "path": ["source_code", "files"], "file_globs": ["/home/god/Desktop/grokking-oinformation-icml/src/main.py"], "reset": "False"}, "version": 11, "at": 1723537162.896405}
{"obj": {"type": "ConfigFloatSeries", "path": ["monitoring", "fd7e8408", "cpu"], "min": 0.0, "max": 100.0, "unit": "%"}, "version": 12, "at": 1723537162.9344263}
{"obj": {"type": "ClearFloatLog", "path": ["monitoring", "fd7e8408", "cpu"]}, "version": 13, "at": 1723537162.934531}
{"obj": {"type": "ConfigFloatSeries", "path": ["monitoring", "fd7e8408", "memory"], "min": 0.0, "max": 15.62588119506836, "unit": "GB"}, "version": 14, "at": 1723537162.9345965}
{"obj": {"type": "ClearFloatLog", "path": ["monitoring", "fd7e8408", "memory"]}, "version": 15, "at": 1723537162.934622}
{"obj": {"type": "ConfigFloatSeries", "path": ["monitoring", "fd7e8408", "gpu"], "min": 0.0, "max": 100.0, "unit": "%"}, "version": 16, "at": 1723537162.9346755}
{"obj": {"type": "ClearFloatLog", "path": ["monitoring", "fd7e8408", "gpu"]}, "version": 17, "at": 1723537162.934699}
{"obj": {"type": "ConfigFloatSeries", "path": ["monitoring", "fd7e8408", "gpu_memory"], "min": 0.0, "max": 8.0, "unit": "GB"}, "version": 18, "at": 1723537162.9347482}
{"obj": {"type": "ClearFloatLog", "path": ["monitoring", "fd7e8408", "gpu_memory"]}, "version": 19, "at": 1723537162.9347732}
{"obj": {"type": "AssignString", "path": ["parameters", "model", "parameters", "activation"], "value": "relu"}, "version": 20, "at": 1723537162.9354634}
{"obj": {"type": "AssignInt", "path": ["parameters", "model", "parameters", "layers", "f1", "width"], "value": 250}, "version": 21, "at": 1723537162.935627}
{"obj": {"type": "AssignString", "path": ["parameters", "model", "parameters", "layers", "f1", "dropout", "strategy"], "value": "dropout"}, "version": 22, "at": 1723537162.9359608}
{"obj": {"type": "AssignInt", "path": ["parameters", "model", "parameters", "layers", "f1", "dropout", "value"], "value": 0}, "version": 23, "at": 1723537162.9360516}
{"obj": {"type": "AssignBool", "path": ["parameters", "model", "parameters", "layers", "f1", "bias"], "value": true}, "version": 24, "at": 1723537162.9368908}
{"obj": {"type": "AssignString", "path": ["parameters", "model", "parameters", "layers", "output", "dropout", "strategy"], "value": "dropout"}, "version": 25, "at": 1723537162.937195}
{"obj": {"type": "AssignInt", "path": ["parameters", "model", "parameters", "layers", "output", "dropout", "value"], "value": 0}, "version": 26, "at": 1723537162.9372888}
{"obj": {"type": "AssignBool", "path": ["parameters", "model", "parameters", "layers", "output", "norm"], "value": false}, "version": 27, "at": 1723537162.9373693}
{"obj": {"type": "AssignBool", "path": ["parameters", "model", "parameters", "layers", "output", "bias"], "value": true}, "version": 28, "at": 1723537162.937439}
{"obj": {"type": "AssignString", "path": ["parameters", "model", "parameters", "initialization"], "value": "default"}, "version": 29, "at": 1723537162.9375188}
{"obj": {"type": "AssignBool", "path": ["parameters", "model", "parameters", "set_last_layer_to_zero"], "value": false}, "version": 30, "at": 1723537162.9375865}
{"obj": {"type": "AssignFloat", "path": ["parameters", "model", "parameters", "alpha"], "value": 1.0}, "version": 31, "at": 1723537162.937685}
{"obj": {"type": "AssignString", "path": ["parameters", "model", "parameters", "loss"], "value": "crossentropy"}, "version": 32, "at": 1723537162.937765}
{"obj": {"type": "AssignString", "path": ["parameters", "model", "unique_name"], "value": "fcn_250_bias_out_False_bias_relu_init_default_nozero_alpha_1.0_crossentropy"}, "version": 33, "at": 1723537162.937844}
{"obj": {"type": "AssignInt", "path": ["parameters", "dataset", "parameters", "p"], "value": 97}, "version": 34, "at": 1723537162.9380014}
{"obj": {"type": "AssignInt", "path": ["parameters", "dataset", "parameters", "seed"], "value": 420}, "version": 35, "at": 1723537162.9380746}
{"obj": {"type": "AssignFloat", "path": ["parameters", "dataset", "parameters", "frac"], "value": 0.4}, "version": 36, "at": 1723537162.9381459}
{"obj": {"type": "AssignInt", "path": ["parameters", "dataset", "parameters", "noise_level"], "value": 0}, "version": 37, "at": 1723537162.9382153}
{"obj": {"type": "AssignString", "path": ["parameters", "dataset", "parameters", "operation"], "value": "add"}, "version": 38, "at": 1723537162.9382942}
{"obj": {"type": "AssignBool", "path": ["parameters", "dataset", "parameters", "fixed_seed"], "value": true}, "version": 39, "at": 1723537162.9383645}
{"obj": {"type": "AssignString", "path": ["parameters", "dataset", "unique_name"], "value": "modular_add_p_97_seed_420_frac_0.4_noise_0_fixed_seed"}, "version": 40, "at": 1723537162.938439}
{"obj": {"type": "AssignInt", "path": ["parameters", "training", "seed"], "value": 0}, "version": 41, "at": 1723537162.9385576}
{"obj": {"type": "AssignInt", "path": ["parameters", "training", "steps"], "value": 4000}, "version": 42, "at": 1723537162.9386308}
{"obj": {"type": "AssignInt", "path": ["parameters", "training", "evaluation_step"], "value": 5}, "version": 43, "at": 1723537162.9386983}
{"obj": {"type": "AssignInt", "path": ["parameters", "training", "train_batch_size"], "value": 32}, "version": 44, "at": 1723537162.9387658}
{"obj": {"type": "AssignInt", "path": ["parameters", "training", "test_batch_size"], "value": 256}, "version": 45, "at": 1723537162.9388309}
{"obj": {"type": "AssignBool", "path": ["parameters", "training", "rescale_weight_norm"], "value": false}, "version": 46, "at": 1723537162.9389017}
{"obj": {"type": "AssignFloat", "path": ["parameters", "training", "learning_rate"], "value": 0.03}, "version": 47, "at": 1723537162.9389744}
{"obj": {"type": "AssignFloat", "path": ["parameters", "training", "weight_decay"], "value": 2.0}, "version": 48, "at": 1723537162.9390442}
{"obj": {"type": "AssignInt", "path": ["parameters", "training", "alpha"], "value": 1}, "version": 49, "at": 1723537162.9391124}
{"obj": {"type": "AssignString", "path": ["parameters", "optimizer", "name"], "value": "adamw"}, "version": 50, "at": 1723537162.9392664}
{"obj": {"type": "AssignString", "path": ["parameters", "parameters"], "value": "lr_0.03_wd_2_alpha_1_bs_32"}, "version": 51, "at": 1723537162.9393456}
{"obj": {"type": "LogStrings", "path": ["monitoring", "fd7e8408", "stderr"], "values": [{"value": "[neptune] [warning] /home/god/Desktop/grokking-oinformation-icml/src/utils/config.py:35: NeptuneUnsupportedType: You're attempting to log a type that is not directly supported by Neptune (<class 'NoneType'>).\n        Convert the value to a supported type, such as a string or float, or use stringify_unsupported(obj)\n        for dictionaries or collections that contain unsupported values.\n        For more, see https://docs.neptune.ai/help/value_of_unsupported_type\n", "step": null, "ts": 1723537162.9407754}]}, "version": 52, "at": 1723537162.9408078}
{"obj": {"type": "LogFloats", "path": ["monitoring", "fd7e8408", "cpu"], "values": [{"value": 21.4, "step": null, "ts": 1723537162.9349613}]}, "version": 53, "at": 1723537162.9489481}
{"obj": {"type": "LogFloats", "path": ["monitoring", "fd7e8408", "memory"], "values": [{"value": 5.539375305175781, "step": null, "ts": 1723537162.9349613}]}, "version": 54, "at": 1723537162.9498878}
{"obj": {"type": "LogFloats", "path": ["monitoring", "fd7e8408", "gpu"], "values": [{"value": 6.0, "step": null, "ts": 1723537162.9349613}]}, "version": 55, "at": 1723537162.9502313}
{"obj": {"type": "LogFloats", "path": ["monitoring", "fd7e8408", "gpu_memory"], "values": [{"value": 2.1212158203125, "step": null, "ts": 1723537162.9349613}]}, "version": 56, "at": 1723537162.950478}
{"obj": {"type": "LogStrings", "path": ["monitoring", "fd7e8408", "stdout"], "values": [{"value": "step acc 0 acc 0.010 | 0.009 | loss 0.001 | 0.001", "step": null, "ts": 1723537164.2271123}]}, "version": 57, "at": 1723537164.227158}
{"obj": {"type": "LogStrings", "path": ["monitoring", "fd7e8408", "stdout"], "values": [{"value": "\n", "step": null, "ts": 1723537164.227258}]}, "version": 58, "at": 1723537164.2272701}
{"obj": {"type": "LogFloats", "path": ["global_step"], "values": [{"value": 0.0, "step": 0, "ts": 1723537164.2476277}]}, "version": 59, "at": 1723537164.247673}
{"obj": {"type": "LogFloats", "path": ["train_acc"], "values": [{"value": 0.009832580387988307, "step": 0, "ts": 1723537164.2478185}]}, "version": 60, "at": 1723537164.247832}
{"obj": {"type": "LogFloats", "path": ["test_acc"], "values": [{"value": 0.0093871767623096, "step": 0, "ts": 1723537164.2480297}]}, "version": 61, "at": 1723537164.2480419}
{"obj": {"type": "LogFloats", "path": ["train_loss"], "values": [{"value": 0.0012158944573200925, "step": 0, "ts": 1723537164.2481108}]}, "version": 62, "at": 1723537164.2481225}
{"obj": {"type": "LogFloats", "path": ["test_loss"], "values": [{"value": 0.000810287964077989, "step": 0, "ts": 1723537164.248189}]}, "version": 63, "at": 1723537164.2482004}
{"obj": {"type": "LogStrings", "path": ["monitoring", "fd7e8408", "stdout"], "values": [{"value": "step acc 5 acc 0.150 | 0.000 | loss 0.001 | 0.001", "step": null, "ts": 1723537164.7212863}]}, "version": 64, "at": 1723537164.7213545}
{"obj": {"type": "LogStrings", "path": ["monitoring", "fd7e8408", "stdout"], "values": [{"value": "\n", "step": null, "ts": 1723537164.7215357}]}, "version": 65, "at": 1723537164.7215521}
{"obj": {"type": "LogFloats", "path": ["global_step"], "values": [{"value": 5.0, "step": 5, "ts": 1723537164.7223694}]}, "version": 66, "at": 1723537164.7224028}
{"obj": {"type": "LogFloats", "path": ["train_acc"], "values": [{"value": 0.15014615997874037, "step": 5, "ts": 1723537164.7224927}]}, "version": 67, "at": 1723537164.7225146}
{"obj": {"type": "LogFloats", "path": ["test_acc"], "values": [{"value": 0.0, "step": 5, "ts": 1723537164.7225986}]}, "version": 68, "at": 1723537164.722617}
{"obj": {"type": "LogFloats", "path": ["train_loss"], "values": [{"value": 0.0010982340331917712, "step": 5, "ts": 1723537164.7227004}]}, "version": 69, "at": 1723537164.7227187}
{"obj": {"type": "LogFloats", "path": ["test_loss"], "values": [{"value": 0.0008646713855458286, "step": 5, "ts": 1723537164.7227995}]}, "version": 70, "at": 1723537164.72282}
{"obj": {"type": "LogStrings", "path": ["monitoring", "fd7e8408", "stdout"], "values": [{"value": "step acc 10 acc 0.241 | 0.000 | loss 0.001 | 0.001", "step": null, "ts": 1723537165.1170883}]}, "version": 71, "at": 1723537165.1171618}
{"obj": {"type": "LogStrings", "path": ["monitoring", "fd7e8408", "stdout"], "values": [{"value": "\n", "step": null, "ts": 1723537165.1178815}]}, "version": 72, "at": 1723537165.1179047}
{"obj": {"type": "LogFloats", "path": ["global_step"], "values": [{"value": 10.0, "step": 10, "ts": 1723537165.1185997}]}, "version": 73, "at": 1723537165.118629}
{"obj": {"type": "LogFloats", "path": ["train_acc"], "values": [{"value": 0.24076534679776773, "step": 10, "ts": 1723537165.1187148}]}, "version": 74, "at": 1723537165.1187348}
{"obj": {"type": "LogFloats", "path": ["test_acc"], "values": [{"value": 0.0, "step": 10, "ts": 1723537165.1188078}]}, "version": 75, "at": 1723537165.1188257}
{"obj": {"type": "LogFloats", "path": ["train_loss"], "values": [{"value": 0.0008884357576068652, "step": 10, "ts": 1723537165.1188946}]}, "version": 76, "at": 1723537165.1189072}
{"obj": {"type": "LogFloats", "path": ["test_loss"], "values": [{"value": 0.0010192716877552536, "step": 10, "ts": 1723537165.1189692}]}, "version": 77, "at": 1723537165.1189854}
{"obj": {"type": "LogStrings", "path": ["monitoring", "fd7e8408", "stdout"], "values": [{"value": "step acc 15 acc 0.509 | 0.000 | loss 0.001 | 0.001", "step": null, "ts": 1723537165.511756}]}, "version": 78, "at": 1723537165.5118256}
{"obj": {"type": "LogStrings", "path": ["monitoring", "fd7e8408", "stdout"], "values": [{"value": "\n", "step": null, "ts": 1723537165.5120153}]}, "version": 79, "at": 1723537165.5120327}
{"obj": {"type": "LogFloats", "path": ["global_step"], "values": [{"value": 15.0, "step": 15, "ts": 1723537165.5131896}]}, "version": 80, "at": 1723537165.513215}
{"obj": {"type": "LogFloats", "path": ["train_acc"], "values": [{"value": 0.5089024714323678, "step": 15, "ts": 1723537165.5132856}]}, "version": 81, "at": 1723537165.5133016}
{"obj": {"type": "LogFloats", "path": ["test_acc"], "values": [{"value": 0.0, "step": 15, "ts": 1723537165.513352}]}, "version": 82, "at": 1723537165.5133636}
{"obj": {"type": "LogFloats", "path": ["train_loss"], "values": [{"value": 0.0006895839550252485, "step": 15, "ts": 1723537165.513411}]}, "version": 83, "at": 1723537165.5134225}
{"obj": {"type": "LogFloats", "path": ["test_loss"], "values": [{"value": 0.0011951061921722703, "step": 15, "ts": 1723537165.5134697}]}, "version": 84, "at": 1723537165.5134811}
{"obj": {"type": "LogStrings", "path": ["monitoring", "fd7e8408", "stdout"], "values": [{"value": "step acc 20 acc 0.805 | 0.000 | loss 0.001 | 0.001", "step": null, "ts": 1723537165.9009624}]}, "version": 85, "at": 1723537165.9010417}
{"obj": {"type": "LogStrings", "path": ["monitoring", "fd7e8408", "stdout"], "values": [{"value": "\n", "step": null, "ts": 1723537165.901289}]}, "version": 86, "at": 1723537165.9013152}
{"obj": {"type": "LogFloats", "path": ["global_step"], "values": [{"value": 20.0, "step": 20, "ts": 1723537165.901856}]}, "version": 87, "at": 1723537165.9018798}
{"obj": {"type": "LogFloats", "path": ["train_acc"], "values": [{"value": 0.8046771193196918, "step": 20, "ts": 1723537165.90195}]}, "version": 88, "at": 1723537165.9019651}
{"obj": {"type": "LogFloats", "path": ["test_acc"], "values": [{"value": 0.0, "step": 20, "ts": 1723537165.9020176}]}, "version": 89, "at": 1723537165.9020298}
{"obj": {"type": "LogFloats", "path": ["train_loss"], "values": [{"value": 0.0005148019113979091, "step": 20, "ts": 1723537165.9020777}]}, "version": 90, "at": 1723537165.902089}
{"obj": {"type": "LogFloats", "path": ["test_loss"], "values": [{"value": 0.0013270378957350457, "step": 20, "ts": 1723537165.902137}]}, "version": 91, "at": 1723537165.902149}
{"obj": {"type": "LogStrings", "path": ["monitoring", "fd7e8408", "stdout"], "values": [{"value": "step acc 25 acc 0.947 | 0.000 | loss 0.000 | 0.001", "step": null, "ts": 1723537166.285868}]}, "version": 92, "at": 1723537166.2859373}
{"obj": {"type": "LogStrings", "path": ["monitoring", "fd7e8408", "stdout"], "values": [{"value": "\n", "step": null, "ts": 1723537166.2861214}]}, "version": 93, "at": 1723537166.2861385}
{"obj": {"type": "LogFloats", "path": ["global_step"], "values": [{"value": 25.0, "step": 25, "ts": 1723537166.289207}]}, "version": 94, "at": 1723537166.289237}
{"obj": {"type": "LogFloats", "path": ["train_acc"], "values": [{"value": 0.9468509168216849, "step": 25, "ts": 1723537166.2893248}]}, "version": 95, "at": 1723537166.2893407}
{"obj": {"type": "LogFloats", "path": ["test_acc"], "values": [{"value": 0.0, "step": 25, "ts": 1723537166.2893934}]}, "version": 96, "at": 1723537166.2894056}
{"obj": {"type": "LogFloats", "path": ["train_loss"], "values": [{"value": 0.0003729033843969811, "step": 25, "ts": 1723537166.2894547}]}, "version": 97, "at": 1723537166.289466}
{"obj": {"type": "LogFloats", "path": ["test_loss"], "values": [{"value": 0.0014258925897028697, "step": 25, "ts": 1723537166.289514}]}, "version": 98, "at": 1723537166.2895253}
{"obj": {"type": "LogStrings", "path": ["monitoring", "fd7e8408", "stdout"], "values": [{"value": "step acc 30 acc 0.988 | 0.000 | loss 0.000 | 0.001", "step": null, "ts": 1723537166.6641579}]}, "version": 99, "at": 1723537166.664227}
{"obj": {"type": "LogStrings", "path": ["monitoring", "fd7e8408", "stdout"], "values": [{"value": "\n", "step": null, "ts": 1723537166.6644}]}, "version": 100, "at": 1723537166.6644168}
{"obj": {"type": "LogFloats", "path": ["optimal_train_step"], "values": [{"value": 30.0, "step": 30, "ts": 1723537166.665687}]}, "version": 101, "at": 1723537166.6657052}
{"obj": {"type": "LogFloats", "path": ["global_step"], "values": [{"value": 30.0, "step": 30, "ts": 1723537166.665824}]}, "version": 102, "at": 1723537166.6658378}
{"obj": {"type": "LogFloats", "path": ["train_acc"], "values": [{"value": 0.9883072017007707, "step": 30, "ts": 1723537166.6658916}]}, "version": 103, "at": 1723537166.6659067}
{"obj": {"type": "LogFloats", "path": ["test_acc"], "values": [{"value": 0.0, "step": 30, "ts": 1723537166.6659565}]}, "version": 104, "at": 1723537166.6659687}
