{"obj": {"type": "AssignString", "path": ["sys", "description"], "value": ""}, "version": 1, "at": 1723537162.897632}
{"obj": {"type": "AssignString", "path": ["monitoring", "b1565ea7", "hostname"], "value": "god-X470-AORUS-ULTRA-GAMING"}, "version": 2, "at": 1723537162.8977575}
{"obj": {"type": "AssignString", "path": ["sys", "hostname"], "value": "god-X470-AORUS-ULTRA-GAMING"}, "version": 3, "at": 1723537162.897813}
{"obj": {"type": "AssignString", "path": ["monitoring", "b1565ea7", "pid"], "value": "7517"}, "version": 4, "at": 1723537162.897865}
{"obj": {"type": "AssignString", "path": ["monitoring", "b1565ea7", "tid"], "value": "139917739037760"}, "version": 5, "at": 1723537162.8979158}
{"obj": {"type": "AddStrings", "path": ["sys", "tags"], "values": ["Training"]}, "version": 6, "at": 1723537162.8981035}
{"obj": {"type": "AssignBool", "path": ["sys", "failed"], "value": false}, "version": 7, "at": 1723537162.8981555}
{"obj": {"type": "ClearStringLog", "path": ["monitoring", "b1565ea7", "stdout"]}, "version": 8, "at": 1723537162.8982315}
{"obj": {"type": "ClearStringLog", "path": ["monitoring", "b1565ea7", "stderr"]}, "version": 9, "at": 1723537162.898277}
{"obj": {"type": "AssignString", "path": ["source_code", "entrypoint"], "value": "main.py"}, "version": 10, "at": 1723537162.8984525}
{"obj": {"type": "UploadFileSet", "path": ["source_code", "files"], "file_globs": ["/home/god/Desktop/grokking-oinformation-icml/src/main.py"], "reset": "False"}, "version": 11, "at": 1723537162.8985157}
{"obj": {"type": "ConfigFloatSeries", "path": ["monitoring", "b1565ea7", "cpu"], "min": 0.0, "max": 100.0, "unit": "%"}, "version": 12, "at": 1723537162.9157393}
{"obj": {"type": "ClearFloatLog", "path": ["monitoring", "b1565ea7", "cpu"]}, "version": 13, "at": 1723537162.9158382}
{"obj": {"type": "ConfigFloatSeries", "path": ["monitoring", "b1565ea7", "memory"], "min": 0.0, "max": 15.62588119506836, "unit": "GB"}, "version": 14, "at": 1723537162.9159138}
{"obj": {"type": "ClearFloatLog", "path": ["monitoring", "b1565ea7", "memory"]}, "version": 15, "at": 1723537162.9159436}
{"obj": {"type": "ConfigFloatSeries", "path": ["monitoring", "b1565ea7", "gpu"], "min": 0.0, "max": 100.0, "unit": "%"}, "version": 16, "at": 1723537162.9160054}
{"obj": {"type": "ClearFloatLog", "path": ["monitoring", "b1565ea7", "gpu"]}, "version": 17, "at": 1723537162.9160323}
{"obj": {"type": "ConfigFloatSeries", "path": ["monitoring", "b1565ea7", "gpu_memory"], "min": 0.0, "max": 8.0, "unit": "GB"}, "version": 18, "at": 1723537162.9160888}
{"obj": {"type": "ClearFloatLog", "path": ["monitoring", "b1565ea7", "gpu_memory"]}, "version": 19, "at": 1723537162.9161124}
{"obj": {"type": "AssignString", "path": ["parameters", "model", "parameters", "activation"], "value": "relu"}, "version": 20, "at": 1723537162.9166403}
{"obj": {"type": "AssignInt", "path": ["parameters", "model", "parameters", "layers", "f1", "width"], "value": 250}, "version": 21, "at": 1723537162.916789}
{"obj": {"type": "AssignString", "path": ["parameters", "model", "parameters", "layers", "f1", "dropout", "strategy"], "value": "dropout"}, "version": 22, "at": 1723537162.9169376}
{"obj": {"type": "AssignInt", "path": ["parameters", "model", "parameters", "layers", "f1", "dropout", "value"], "value": 0}, "version": 23, "at": 1723537162.9170837}
{"obj": {"type": "AssignBool", "path": ["parameters", "model", "parameters", "layers", "f1", "bias"], "value": true}, "version": 24, "at": 1723537162.9182043}
{"obj": {"type": "AssignString", "path": ["parameters", "model", "parameters", "layers", "output", "dropout", "strategy"], "value": "dropout"}, "version": 25, "at": 1723537162.9183695}
{"obj": {"type": "AssignInt", "path": ["parameters", "model", "parameters", "layers", "output", "dropout", "value"], "value": 0}, "version": 26, "at": 1723537162.9184265}
{"obj": {"type": "AssignBool", "path": ["parameters", "model", "parameters", "layers", "output", "norm"], "value": false}, "version": 27, "at": 1723537162.918514}
{"obj": {"type": "AssignBool", "path": ["parameters", "model", "parameters", "layers", "output", "bias"], "value": true}, "version": 28, "at": 1723537162.9185874}
{"obj": {"type": "AssignString", "path": ["parameters", "model", "parameters", "initialization"], "value": "default"}, "version": 29, "at": 1723537162.9186654}
{"obj": {"type": "AssignBool", "path": ["parameters", "model", "parameters", "set_last_layer_to_zero"], "value": false}, "version": 30, "at": 1723537162.9187171}
{"obj": {"type": "AssignFloat", "path": ["parameters", "model", "parameters", "alpha"], "value": 1.0}, "version": 31, "at": 1723537162.9187822}
{"obj": {"type": "AssignString", "path": ["parameters", "model", "parameters", "loss"], "value": "crossentropy"}, "version": 32, "at": 1723537162.9188356}
{"obj": {"type": "AssignString", "path": ["parameters", "model", "unique_name"], "value": "fcn_250_bias_out_False_bias_relu_init_default_nozero_alpha_1.0_crossentropy"}, "version": 33, "at": 1723537162.9188902}
{"obj": {"type": "AssignInt", "path": ["parameters", "dataset", "parameters", "p"], "value": 97}, "version": 34, "at": 1723537162.9189928}
{"obj": {"type": "AssignInt", "path": ["parameters", "dataset", "parameters", "seed"], "value": 420}, "version": 35, "at": 1723537162.919041}
{"obj": {"type": "AssignFloat", "path": ["parameters", "dataset", "parameters", "frac"], "value": 0.4}, "version": 36, "at": 1723537162.9190924}
{"obj": {"type": "AssignInt", "path": ["parameters", "dataset", "parameters", "noise_level"], "value": 0}, "version": 37, "at": 1723537162.9191387}
{"obj": {"type": "AssignString", "path": ["parameters", "dataset", "parameters", "operation"], "value": "add"}, "version": 38, "at": 1723537162.9191873}
{"obj": {"type": "AssignBool", "path": ["parameters", "dataset", "parameters", "fixed_seed"], "value": true}, "version": 39, "at": 1723537162.9192379}
{"obj": {"type": "AssignString", "path": ["parameters", "dataset", "unique_name"], "value": "modular_add_p_97_seed_420_frac_0.4_noise_0_fixed_seed"}, "version": 40, "at": 1723537162.919288}
{"obj": {"type": "AssignInt", "path": ["parameters", "training", "seed"], "value": 0}, "version": 41, "at": 1723537162.9193637}
{"obj": {"type": "AssignInt", "path": ["parameters", "training", "steps"], "value": 4000}, "version": 42, "at": 1723537162.919411}
{"obj": {"type": "AssignInt", "path": ["parameters", "training", "evaluation_step"], "value": 5}, "version": 43, "at": 1723537162.9194553}
{"obj": {"type": "AssignInt", "path": ["parameters", "training", "train_batch_size"], "value": 32}, "version": 44, "at": 1723537162.9194984}
{"obj": {"type": "AssignInt", "path": ["parameters", "training", "test_batch_size"], "value": 256}, "version": 45, "at": 1723537162.9195704}
{"obj": {"type": "AssignBool", "path": ["parameters", "training", "rescale_weight_norm"], "value": false}, "version": 46, "at": 1723537162.9196513}
{"obj": {"type": "AssignFloat", "path": ["parameters", "training", "learning_rate"], "value": 0.03}, "version": 47, "at": 1723537162.9196975}
{"obj": {"type": "AssignFloat", "path": ["parameters", "training", "weight_decay"], "value": 2.0}, "version": 48, "at": 1723537162.9197462}
{"obj": {"type": "AssignInt", "path": ["parameters", "training", "alpha"], "value": 1}, "version": 49, "at": 1723537162.919792}
{"obj": {"type": "AssignString", "path": ["parameters", "optimizer", "name"], "value": "adamw"}, "version": 50, "at": 1723537162.9198666}
{"obj": {"type": "AssignString", "path": ["parameters", "parameters"], "value": "lr_0.03_wd_2_alpha_1_bs_32"}, "version": 51, "at": 1723537162.9199185}
{"obj": {"type": "LogStrings", "path": ["monitoring", "b1565ea7", "stderr"], "values": [{"value": "[neptune] [warning] /home/god/Desktop/grokking-oinformation-icml/src/utils/config.py:35: NeptuneUnsupportedType: You're attempting to log a type that is not directly supported by Neptune (<class 'NoneType'>).\n        Convert the value to a supported type, such as a string or float, or use stringify_unsupported(obj)\n        for dictionaries or collections that contain unsupported values.\n        For more, see https://docs.neptune.ai/help/value_of_unsupported_type\n", "step": null, "ts": 1723537162.921343}]}, "version": 52, "at": 1723537162.921385}
{"obj": {"type": "LogFloats", "path": ["monitoring", "b1565ea7", "cpu"], "values": [{"value": 21.4, "step": null, "ts": 1723537162.9162655}]}, "version": 53, "at": 1723537162.921669}
{"obj": {"type": "LogFloats", "path": ["monitoring", "b1565ea7", "memory"], "values": [{"value": 5.510261535644531, "step": null, "ts": 1723537162.9162655}]}, "version": 54, "at": 1723537162.931728}
{"obj": {"type": "LogFloats", "path": ["monitoring", "b1565ea7", "gpu"], "values": [{"value": 6.0, "step": null, "ts": 1723537162.9162655}]}, "version": 55, "at": 1723537162.9356225}
{"obj": {"type": "LogFloats", "path": ["monitoring", "b1565ea7", "gpu_memory"], "values": [{"value": 2.1212158203125, "step": null, "ts": 1723537162.9162655}]}, "version": 56, "at": 1723537162.935703}
{"obj": {"type": "LogStrings", "path": ["monitoring", "b1565ea7", "stdout"], "values": [{"value": "step acc 0 acc 0.010 | 0.009 | loss 0.001 | 0.001", "step": null, "ts": 1723537164.2252405}]}, "version": 57, "at": 1723537164.2253075}
{"obj": {"type": "LogStrings", "path": ["monitoring", "b1565ea7", "stdout"], "values": [{"value": "\n", "step": null, "ts": 1723537164.2254558}]}, "version": 58, "at": 1723537164.2254682}
{"obj": {"type": "LogFloats", "path": ["global_step"], "values": [{"value": 0.0, "step": 0, "ts": 1723537164.2475994}]}, "version": 59, "at": 1723537164.2476459}
{"obj": {"type": "LogFloats", "path": ["train_acc"], "values": [{"value": 0.009832580387988307, "step": 0, "ts": 1723537164.247817}]}, "version": 60, "at": 1723537164.2478297}
{"obj": {"type": "LogFloats", "path": ["test_acc"], "values": [{"value": 0.0093871767623096, "step": 0, "ts": 1723537164.2480292}]}, "version": 61, "at": 1723537164.2480412}
{"obj": {"type": "LogFloats", "path": ["train_loss"], "values": [{"value": 0.0012158944573200925, "step": 0, "ts": 1723537164.2481089}]}, "version": 62, "at": 1723537164.2481203}
{"obj": {"type": "LogFloats", "path": ["test_loss"], "values": [{"value": 0.000810287964077989, "step": 0, "ts": 1723537164.2481859}]}, "version": 63, "at": 1723537164.2481968}
{"obj": {"type": "LogStrings", "path": ["monitoring", "b1565ea7", "stdout"], "values": [{"value": "step acc 5 acc 0.150 | 0.000 | loss 0.001 | 0.001", "step": null, "ts": 1723537164.7051375}]}, "version": 64, "at": 1723537164.7052004}
{"obj": {"type": "LogStrings", "path": ["monitoring", "b1565ea7", "stdout"], "values": [{"value": "\n", "step": null, "ts": 1723537164.7054508}]}, "version": 65, "at": 1723537164.7054825}
{"obj": {"type": "LogFloats", "path": ["global_step"], "values": [{"value": 5.0, "step": 5, "ts": 1723537164.7063367}]}, "version": 66, "at": 1723537164.7063773}
{"obj": {"type": "LogFloats", "path": ["train_acc"], "values": [{"value": 0.15014615997874037, "step": 5, "ts": 1723537164.7064989}]}, "version": 67, "at": 1723537164.7065144}
{"obj": {"type": "LogFloats", "path": ["test_acc"], "values": [{"value": 0.0, "step": 5, "ts": 1723537164.7065663}]}, "version": 68, "at": 1723537164.7065785}
{"obj": {"type": "LogFloats", "path": ["train_loss"], "values": [{"value": 0.0010982340331917712, "step": 5, "ts": 1723537164.7066255}]}, "version": 69, "at": 1723537164.7066364}
{"obj": {"type": "LogFloats", "path": ["test_loss"], "values": [{"value": 0.0008646713855458286, "step": 5, "ts": 1723537164.7066834}]}, "version": 70, "at": 1723537164.7066946}
{"obj": {"type": "LogStrings", "path": ["monitoring", "b1565ea7", "stdout"], "values": [{"value": "step acc 10 acc 0.241 | 0.000 | loss 0.001 | 0.001", "step": null, "ts": 1723537165.1028335}]}, "version": 71, "at": 1723537165.1029098}
{"obj": {"type": "LogStrings", "path": ["monitoring", "b1565ea7", "stdout"], "values": [{"value": "\n", "step": null, "ts": 1723537165.103153}]}, "version": 72, "at": 1723537165.103187}
{"obj": {"type": "LogFloats", "path": ["global_step"], "values": [{"value": 10.0, "step": 10, "ts": 1723537165.104121}]}, "version": 73, "at": 1723537165.1041458}
{"obj": {"type": "LogFloats", "path": ["train_acc"], "values": [{"value": 0.24076534679776773, "step": 10, "ts": 1723537165.1042192}]}, "version": 74, "at": 1723537165.1042352}
{"obj": {"type": "LogFloats", "path": ["test_acc"], "values": [{"value": 0.0, "step": 10, "ts": 1723537165.1042871}]}, "version": 75, "at": 1723537165.1042993}
{"obj": {"type": "LogFloats", "path": ["train_loss"], "values": [{"value": 0.0008884357576068652, "step": 10, "ts": 1723537165.104346}]}, "version": 76, "at": 1723537165.1043575}
{"obj": {"type": "LogFloats", "path": ["test_loss"], "values": [{"value": 0.0010192716877552536, "step": 10, "ts": 1723537165.104404}]}, "version": 77, "at": 1723537165.1044152}
{"obj": {"type": "LogStrings", "path": ["monitoring", "b1565ea7", "stdout"], "values": [{"value": "step acc 15 acc 0.509 | 0.000 | loss 0.001 | 0.001", "step": null, "ts": 1723537165.4989424}]}, "version": 78, "at": 1723537165.4989939}
{"obj": {"type": "LogStrings", "path": ["monitoring", "b1565ea7", "stdout"], "values": [{"value": "\n", "step": null, "ts": 1723537165.4999938}]}, "version": 79, "at": 1723537165.5000181}
{"obj": {"type": "LogFloats", "path": ["global_step"], "values": [{"value": 15.0, "step": 15, "ts": 1723537165.5010092}]}, "version": 80, "at": 1723537165.5010347}
{"obj": {"type": "LogFloats", "path": ["train_acc"], "values": [{"value": 0.5089024714323678, "step": 15, "ts": 1723537165.5011065}]}, "version": 81, "at": 1723537165.5011227}
{"obj": {"type": "LogFloats", "path": ["test_acc"], "values": [{"value": 0.0, "step": 15, "ts": 1723537165.501174}]}, "version": 82, "at": 1723537165.5011861}
{"obj": {"type": "LogFloats", "path": ["train_loss"], "values": [{"value": 0.0006895839550252485, "step": 15, "ts": 1723537165.5012329}]}, "version": 83, "at": 1723537165.501244}
{"obj": {"type": "LogFloats", "path": ["test_loss"], "values": [{"value": 0.0011951061921722703, "step": 15, "ts": 1723537165.5012908}]}, "version": 84, "at": 1723537165.5013018}
{"obj": {"type": "LogStrings", "path": ["monitoring", "b1565ea7", "stdout"], "values": [{"value": "step acc 20 acc 0.805 | 0.000 | loss 0.001 | 0.001", "step": null, "ts": 1723537165.876515}]}, "version": 85, "at": 1723537165.8766022}
{"obj": {"type": "LogStrings", "path": ["monitoring", "b1565ea7", "stdout"], "values": [{"value": "\n", "step": null, "ts": 1723537165.8768604}]}, "version": 86, "at": 1723537165.8768947}
{"obj": {"type": "LogFloats", "path": ["global_step"], "values": [{"value": 20.0, "step": 20, "ts": 1723537165.8779323}]}, "version": 87, "at": 1723537165.8779557}
{"obj": {"type": "LogFloats", "path": ["train_acc"], "values": [{"value": 0.8046771193196918, "step": 20, "ts": 1723537165.8780262}]}, "version": 88, "at": 1723537165.8780415}
{"obj": {"type": "LogFloats", "path": ["test_acc"], "values": [{"value": 0.0, "step": 20, "ts": 1723537165.878092}]}, "version": 89, "at": 1723537165.878104}
{"obj": {"type": "LogFloats", "path": ["train_loss"], "values": [{"value": 0.0005148019113979091, "step": 20, "ts": 1723537165.8781505}]}, "version": 90, "at": 1723537165.878162}
{"obj": {"type": "LogFloats", "path": ["test_loss"], "values": [{"value": 0.0013270378957350457, "step": 20, "ts": 1723537165.8782084}]}, "version": 91, "at": 1723537165.8782198}
{"obj": {"type": "LogStrings", "path": ["monitoring", "b1565ea7", "stdout"], "values": [{"value": "step acc 25 acc 0.947 | 0.000 | loss 0.000 | 0.001", "step": null, "ts": 1723537166.2623029}]}, "version": 92, "at": 1723537166.262382}
{"obj": {"type": "LogStrings", "path": ["monitoring", "b1565ea7", "stdout"], "values": [{"value": "\n", "step": null, "ts": 1723537166.2626066}]}, "version": 93, "at": 1723537166.2626314}
{"obj": {"type": "LogFloats", "path": ["global_step"], "values": [{"value": 25.0, "step": 25, "ts": 1723537166.2638109}]}, "version": 94, "at": 1723537166.2638354}
{"obj": {"type": "LogFloats", "path": ["train_acc"], "values": [{"value": 0.9468509168216849, "step": 25, "ts": 1723537166.2639034}]}, "version": 95, "at": 1723537166.263919}
{"obj": {"type": "LogFloats", "path": ["test_acc"], "values": [{"value": 0.0, "step": 25, "ts": 1723537166.2639694}]}, "version": 96, "at": 1723537166.2639813}
{"obj": {"type": "LogFloats", "path": ["train_loss"], "values": [{"value": 0.0003729033843969811, "step": 25, "ts": 1723537166.2640278}]}, "version": 97, "at": 1723537166.2640393}
{"obj": {"type": "LogFloats", "path": ["test_loss"], "values": [{"value": 0.0014258925897028697, "step": 25, "ts": 1723537166.2640898}]}, "version": 98, "at": 1723537166.2641008}
{"obj": {"type": "LogStrings", "path": ["monitoring", "b1565ea7", "stdout"], "values": [{"value": "step acc 30 acc 0.988 | 0.000 | loss 0.000 | 0.001", "step": null, "ts": 1723537166.6489449}]}, "version": 99, "at": 1723537166.6490073}
{"obj": {"type": "LogStrings", "path": ["monitoring", "b1565ea7", "stdout"], "values": [{"value": "\n", "step": null, "ts": 1723537166.6491988}]}, "version": 100, "at": 1723537166.6492152}
{"obj": {"type": "LogFloats", "path": ["optimal_train_step"], "values": [{"value": 30.0, "step": 30, "ts": 1723537166.6497996}]}, "version": 101, "at": 1723537166.6498191}
{"obj": {"type": "LogFloats", "path": ["global_step"], "values": [{"value": 30.0, "step": 30, "ts": 1723537166.6499348}]}, "version": 102, "at": 1723537166.6499481}
{"obj": {"type": "LogFloats", "path": ["train_acc"], "values": [{"value": 0.9883072017007707, "step": 30, "ts": 1723537166.65}]}, "version": 103, "at": 1723537166.6500146}
